2025-04-05 17:36:26 - Message: I'm having trouble connecting to the server. Please try again in a moment.
2025-04-05 17:36:26 - Emotion: neutral, Response sent
2025-04-05 17:36:36 - Message: ok good
2025-04-05 17:36:36 - Emotion: neutral, Response sent
2025-04-05 17:36:44 - Message: no
2025-04-05 17:36:44 - Emotion: neutral, Response sent
2025-04-05 17:39:07 - Message: i have no friends
2025-04-05 17:39:07 - Emotion: neutral, Response sent
2025-04-05 17:40:44 - Message: Have I lost interest in things I used to enjoy?
2025-04-05 17:40:44 - Emotion: happy, Response sent
2025-04-05 17:43:31 - Message: How can you help me?
2025-04-05 17:43:31 - Emotion: question, Response sent
2025-04-05 17:44:07 - Message: I've been sad lately
2025-04-05 17:44:07 - Emotion: sad, Response sent
2025-04-05 17:45:06 - Message: i love you! will you marry me ?
2025-04-05 17:45:06 - Emotion: question, Response sent
2025-04-05 17:46:04 - Message: enna ipppadi sollura
2025-04-05 17:46:04 - Emotion: neutral, Response sent
2025-04-06 08:36:27 - Message: enna pannudra
2025-04-06 08:36:27 - Emotion: neutral, Response sent
2025-04-06 08:36:50 - Message: nalla irrukiya
2025-04-06 08:36:50 - Emotion: neutral, Response sent
2025-04-06 08:37:05 - Message: I'm good
2025-04-06 08:37:05 - Emotion: affirmative, Response sent
2025-04-06 08:37:18 - Message: nothing
2025-04-06 08:37:18 - Emotion: negative, Response sent
2025-04-06 08:37:36 - Message: feel better
2025-04-06 08:37:36 - Emotion: happy, Response sent
2025-04-06 11:42:10 - Message: hii
2025-04-06 11:42:10 - Emotion: brief, Response sent
2025-04-06 11:42:27 - Message: lonely
2025-04-06 11:42:27 - Emotion: brief, Response sent
2025-04-06 11:43:03 - Message: I'm happy because today is my birthday
2025-04-06 11:43:03 - Emotion: happy, Response sent
2025-04-06 12:15:19 - Message: hii
2025-04-06 12:15:19 - Emotion: brief, Response sent
2025-04-06 12:15:29 - Message: yes
2025-04-06 12:15:29 - Emotion: affirmative, Response sent
2025-04-06 12:36:22 - Message: I'm going to crying
2025-04-06 12:36:22 - Emotion: sad, Response sent
2025-04-06 12:42:00 - Message: ok
2025-04-06 12:42:00 - Emotion: affirmative, Response sent
2025-04-06 12:54:26 - Message: hii
2025-04-06 12:54:26 - Emotion: brief, Response sent
2025-04-06 16:21:08 - Message: i feel lonely
2025-04-06 16:21:08 - Emotion: lonely, Response sent
